<?xml version="1.0" encoding="UTF-8"?>
<!-- Generated by org.testng.reporters.JUnitReportReporter -->
<testsuite hostname="DESKTOP-A1KMC22" failures="0" tests="2" name="test.AddProductToCompareTest" time="11.499" errors="0" timestamp="2023-01-26T14:42:07 EET" skipped="0">
  <testcase classname="test.AddProductToCompareTest" name="UserCanCompareProducts" time="10.864"/>
  <system-out/>
  <testcase classname="test.AddProductToCompareTest" name="UserCanClearCompareList" time="0.635"/>
  <system-out/>
</testsuite> <!-- test.AddProductToCompareTest -->
