<?xml version="1.0" encoding="UTF-8"?>
<!-- Generated by org.testng.reporters.JUnitReportReporter -->
<testsuite hostname="DESKTOP-A1KMC22" failures="0" tests="4" name="test.AddProductReviewTest" time="8.872" errors="0" timestamp="2023-01-26T14:18:00 EET" skipped="0">
  <testcase classname="test.AddProductReviewTest" name="UserCanRegisterSuccssfully" time="4.213"/>
  <system-out/>
  <testcase classname="test.AddProductReviewTest" name="UserCanSearchWithAutoSuggest" time="2.942"/>
  <system-out/>
  <testcase classname="test.AddProductReviewTest" name="RegisteredUserCanReviewProduct" time="1.019"/>
  <system-out/>
  <testcase classname="test.AddProductReviewTest" name="RegisteredUserCanLogout" time="0.698"/>
  <system-out/>
</testsuite> <!-- test.AddProductReviewTest -->
