<?xml version="1.0" encoding="UTF-8"?>
<!-- Generated by org.testng.reporters.JUnitReportReporter -->
<testsuite hostname="DESKTOP-A1KMC22" failures="0" tests="2" name="test.UserRegistrationWithDDTAndDataProvider" time="8.608" errors="0" timestamp="2023-01-27T18:00:59 EET" skipped="0">
  <testcase classname="test.UserRegistrationWithDDTAndDataProvider" name="UserCanRegisterSuccssfully" time="4.869"/>
  <system-out/>
  <testcase classname="test.UserRegistrationWithDDTAndDataProvider" name="UserCanRegisterSuccssfully" time="3.739"/>
  <system-out/>
</testsuite> <!-- test.UserRegistrationWithDDTAndDataProvider -->
