<?xml version="1.0" encoding="UTF-8"?>
<!-- Generated by org.testng.reporters.JUnitReportReporter -->
<testsuite hostname="DESKTOP-A1KMC22" failures="0" tests="3" name="test.UserRegistrationTestWithJavaFaker" time="3.773" errors="0" timestamp="2023-02-01T21:07:10 EET" skipped="0">
  <testcase classname="test.UserRegistrationTestWithJavaFaker" name="RegisteredUserCanLogout" time="0.380"/>
  <system-out/>
  <testcase classname="test.UserRegistrationTestWithJavaFaker" name="RegisteredUserCanLogin" time="1.202"/>
  <system-out/>
  <testcase classname="test.UserRegistrationTestWithJavaFaker" name="UserCanRegisterSuccssfully" time="2.191"/>
  <system-out/>
</testsuite> <!-- test.UserRegistrationTestWithJavaFaker -->
