<?xml version="1.0" encoding="UTF-8"?>
<!-- Generated by org.testng.reporters.JUnitReportReporter -->
<testsuite hostname="DESKTOP-A1KMC22" failures="0" tests="3" name="test.UserRegistrationTest" time="4.178" errors="0" timestamp="2023-01-26T16:58:47 EET" skipped="0">
  <testcase classname="test.UserRegistrationTest" name="RegisteredUserCanLogin" time="1.137"/>
  <system-out/>
  <testcase classname="test.UserRegistrationTest" name="RegisteredUserCanLogout" time="0.650"/>
  <system-out/>
  <testcase classname="test.UserRegistrationTest" name="UserCanRegisterSuccssfully" time="2.391"/>
  <system-out/>
</testsuite> <!-- test.UserRegistrationTest -->
