<?xml version="1.0" encoding="UTF-8"?>
<!-- Generated by org.testng.reporters.JUnitReportReporter -->
<testsuite hostname="DESKTOP-A1KMC22" failures="0" tests="3" name="test.AddProductToShoppingCartTest" time="5.586" errors="0" timestamp="2023-01-26T16:58:10 EET" skipped="0">
  <testcase classname="test.AddProductToShoppingCartTest" name="UserCanSearchForProductsWithAutoSuggest" time="3.064"/>
  <system-out/>
  <testcase classname="test.AddProductToShoppingCartTest" name="UserCanAddProductToShoppingCart" time="1.551"/>
  <system-out/>
  <testcase classname="test.AddProductToShoppingCartTest" name="UserCanRemoveProductFromCart" time="0.971"/>
  <system-out/>
</testsuite> <!-- test.AddProductToShoppingCartTest -->
