<?xml version="1.0" encoding="UTF-8"?>
<!-- Generated by org.testng.reporters.JUnitReportReporter -->
<testsuite hostname="DESKTOP-A1KMC22" failures="0" tests="1" name="steps.UserRegistration" time="1.116" errors="0" timestamp="2023-01-28T20:37:26 EET" skipped="0">
  <testcase classname="steps.UserRegistration" name="the_user_in_the_home_page" time="1.116"/>
  <system-out/>
</testsuite> <!-- steps.UserRegistration -->
