<?xml version="1.0" encoding="UTF-8"?>
<!-- Generated by org.testng.reporters.JUnitReportReporter -->
<testsuite hostname="DESKTOP-A1KMC22" failures="0" tests="4" name="test.EmailFriendTest" time="9.289" errors="0" timestamp="2023-01-26T17:59:03 EET" skipped="0">
  <testcase classname="test.EmailFriendTest" name="UserCanRegisterSuccssfully" time="4.646"/>
  <system-out/>
  <testcase classname="test.EmailFriendTest" name="UserCanSearchWithAutoSuggest" time="2.986"/>
  <system-out/>
  <testcase classname="test.EmailFriendTest" name="RegisteredUserCanSendProductToFriend" time="0.963"/>
  <system-out/>
  <testcase classname="test.EmailFriendTest" name="RegisteredUserCanLogout" time="0.694"/>
  <system-out/>
</testsuite> <!-- test.EmailFriendTest -->
