<?xml version="1.0" encoding="UTF-8"?>
<!-- Generated by org.testng.reporters.JUnitReportReporter -->
<testsuite hostname="DESKTOP-A1KMC22" failures="0" tests="1" name="test.ContactUsTest" time="1.655" errors="0" timestamp="2023-01-26T17:28:36 EET" skipped="0">
  <testcase classname="test.ContactUsTest" name="UserCanUseContactUs" time="1.655"/>
  <system-out/>
</testsuite> <!-- test.ContactUsTest -->
