<?xml version="1.0" encoding="UTF-8"?>
<!-- Generated by org.testng.reporters.JUnitReportReporter -->
<testsuite hostname="DESKTOP-A1KMC22" failures="0" tests="3" name="test.UserRegistrationWithDDTAndPropertiesFile" time="3.741" errors="0" timestamp="2023-01-27T18:10:56 EET" skipped="0">
  <testcase classname="test.UserRegistrationWithDDTAndPropertiesFile" name="RegisteredUserCanLogin" time="1.191"/>
  <system-out/>
  <testcase classname="test.UserRegistrationWithDDTAndPropertiesFile" name="RegisteredUserCanLogout" time="0.372"/>
  <system-out/>
  <testcase classname="test.UserRegistrationWithDDTAndPropertiesFile" name="UserCanRegisterSuccssfully" time="2.178"/>
  <system-out/>
</testsuite> <!-- test.UserRegistrationWithDDTAndPropertiesFile -->
