<?xml version="1.0" encoding="UTF-8"?>
<!-- Generated by org.testng.reporters.JUnitReportReporter -->
<testsuite hostname="DESKTOP-A1KMC22" failures="0" tests="1" name="test.UserRegistrationTestWithDDTAndCSV" time="11.818" errors="0" timestamp="2023-01-27T17:16:27 EET" skipped="0">
  <testcase classname="test.UserRegistrationTestWithDDTAndCSV" name="UserCanRegisterSuccssfully" time="11.818"/>
  <system-out/>
</testsuite> <!-- test.UserRegistrationTestWithDDTAndCSV -->
