<?xml version="1.0" encoding="UTF-8"?>
<!-- Generated by org.testng.reporters.JUnitReportReporter -->
<testsuite hostname="DESKTOP-A1KMC22" failures="0" tests="1" name="test.SearchProductUsingAutoSuggestTest" time="4.009" errors="0" timestamp="2023-02-03T13:33:15 EET" skipped="0">
  <testcase classname="test.SearchProductUsingAutoSuggestTest" name="UserCanSearchWithAutoSuggest" time="4.009"/>
  <system-out/>
</testsuite> <!-- test.SearchProductUsingAutoSuggestTest -->
