<?xml version="1.0" encoding="UTF-8"?>
<!-- Generated by org.testng.reporters.JUnitReportReporter -->
<testsuite hostname="DESKTOP-A1KMC22" failures="0" tests="2" name="test.ChangeCurrencyTest" time="0.634" errors="0" timestamp="2023-02-03T13:33:15 EET" skipped="0">
  <testcase classname="test.ChangeCurrencyTest" name="UserCanCanChangeCurrency" time="0.552"/>
  <system-out/>
  <testcase classname="test.ChangeCurrencyTest" name="UserCanSearchWithAutoSuggest" time="0.082"/>
  <system-out/>
</testsuite> <!-- test.ChangeCurrencyTest -->
