<?xml version="1.0" encoding="UTF-8"?>
<!-- Generated by org.testng.reporters.JUnitReportReporter -->
<testsuite hostname="DESKTOP-A1KMC22" failures="0" tests="3" name="test.AddProductToWishListTest" time="4.739" errors="0" timestamp="2023-01-26T17:13:11 EET" skipped="0">
  <testcase classname="test.AddProductToWishListTest" name="UserCanSearchForProductsWithAutoSuggest" time="3.248"/>
  <system-out/>
  <testcase classname="test.AddProductToWishListTest" name="UserCanAddProductToWishlist" time="1.083"/>
  <system-out/>
  <testcase classname="test.AddProductToWishListTest" name="UserCanRemoveProductFromCart" time="0.408"/>
  <system-out/>
</testsuite> <!-- test.AddProductToWishListTest -->
