<?xml version="1.0" encoding="UTF-8"?>
<!-- Generated by org.testng.reporters.JUnitReportReporter -->
<testsuite hostname="DESKTOP-A1KMC22" failures="0" tests="1" name="test.UserRegistrationTestWithDDTAndJSON" time="4.435" errors="0" timestamp="2023-01-27T17:54:02 EET" skipped="0">
  <testcase classname="test.UserRegistrationTestWithDDTAndJSON" name="UserCanRegisterSuccssfully" time="4.435"/>
  <system-out/>
</testsuite> <!-- test.UserRegistrationTestWithDDTAndJSON -->
