<?xml version="1.0" encoding="UTF-8"?>
<!-- Generated by org.testng.reporters.JUnitReportReporter -->
<testsuite hostname="DESKTOP-A1KMC22" failures="0" tests="3" name="test.UserRegistrationTestWithDDTAndExcel" time="15.870" errors="0" timestamp="2023-01-27T17:47:24 EET" skipped="0">
  <testcase classname="test.UserRegistrationTestWithDDTAndExcel" name="UserCanRegisterSuccssfully" time="3.966"/>
  <system-out/>
  <testcase classname="test.UserRegistrationTestWithDDTAndExcel" name="UserCanRegisterSuccssfully" time="8.163"/>
  <system-out/>
  <testcase classname="test.UserRegistrationTestWithDDTAndExcel" name="UserCanRegisterSuccssfully" time="3.741"/>
  <system-out/>
</testsuite> <!-- test.UserRegistrationTestWithDDTAndExcel -->
