<?xml version="1.0" encoding="UTF-8"?>
<!-- Generated by org.testng.reporters.JUnitReportReporter -->
<testsuite hostname="DESKTOP-A1KMC22" failures="0" tests="3" name="test.AddProductToShoppingCartTest" time="4.414" errors="0" timestamp="2023-02-01T21:11:59 EET" skipped="0">
  <testcase classname="test.AddProductToShoppingCartTest" name="UserCanSearchForProductsWithAutoSuggest" time="1.790"/>
  <system-out/>
  <testcase classname="test.AddProductToShoppingCartTest" name="UserCanAddProductToShoppingCart" time="2.058"/>
  <system-out/>
  <testcase classname="test.AddProductToShoppingCartTest" name="UserCanRemoveProductFromCart" time="0.566"/>
  <system-out/>
</testsuite> <!-- test.AddProductToShoppingCartTest -->
