<?xml version="1.0" encoding="UTF-8"?>
<!-- Generated by org.testng.reporters.JUnitReportReporter -->
<testsuite hostname="DESKTOP-A1KMC22" failures="0" tests="1" name="test.SearchProductUsingAutoSuggestTest" time="0.004" errors="0" timestamp="2023-02-01T21:11:59 EET" skipped="0">
  <testcase classname="test.SearchProductUsingAutoSuggestTest" name="UserCanSearchWithAutoSuggest" time="0.004"/>
  <system-out/>
</testsuite> <!-- test.SearchProductUsingAutoSuggestTest -->
