<?xml version="1.0" encoding="UTF-8"?>
<!-- Generated by org.testng.reporters.JUnitReportReporter -->
<testsuite hostname="DESKTOP-A1KMC22" failures="0" tests="3" name="test.AddProductToWishListTest" time="2.669" errors="0" timestamp="2023-02-01T21:11:59 EET" skipped="0">
  <testcase classname="test.AddProductToWishListTest" name="UserCanSearchForProductsWithAutoSuggest" time="1.799"/>
  <system-out/>
  <testcase classname="test.AddProductToWishListTest" name="UserCanAddProductToWishlist" time="0.474"/>
  <system-out/>
  <testcase classname="test.AddProductToWishListTest" name="UserCanRemoveProductFromCart" time="0.396"/>
  <system-out/>
</testsuite> <!-- test.AddProductToWishListTest -->
