<?xml version="1.0" encoding="UTF-8"?>
<!-- Generated by org.testng.reporters.JUnitReportReporter -->
<testsuite hostname="DESKTOP-A1KMC22" failures="0" tests="2" name="test.ChangeCurrencyTest" time="2.665" errors="0" timestamp="2023-02-01T21:11:59 EET" skipped="0">
  <testcase classname="test.ChangeCurrencyTest" name="UserCanCanChangeCurrency" time="0.747"/>
  <system-out/>
  <testcase classname="test.ChangeCurrencyTest" name="UserCanSearchWithAutoSuggest" time="1.918"/>
  <system-out/>
</testsuite> <!-- test.ChangeCurrencyTest -->
