<?xml version="1.0" encoding="UTF-8"?>
<!-- Generated by org.testng.reporters.JUnitReportReporter -->
<testsuite hostname="DESKTOP-A1KMC22" failures="0" tests="2" name="test.AddProductToCompareTest" time="8.859" errors="0" timestamp="2023-02-01T21:11:59 EET" skipped="0">
  <testcase classname="test.AddProductToCompareTest" name="UserCanCompareProducts" time="8.228"/>
  <system-out/>
  <testcase classname="test.AddProductToCompareTest" name="UserCanClearCompareList" time="0.631"/>
  <system-out/>
</testsuite> <!-- test.AddProductToCompareTest -->
