<?xml version="1.0" encoding="UTF-8"?>
<!-- Generated by org.testng.reporters.JUnitReportReporter -->
<testsuite hostname="DESKTOP-A1KMC22" failures="0" tests="4" name="test.AddProductReviewTest" time="31.552" errors="0" timestamp="2023-02-01T21:11:59 EET" skipped="0">
  <testcase classname="test.AddProductReviewTest" name="UserCanRegisterSuccssfully" time="26.343"/>
  <system-out/>
  <testcase classname="test.AddProductReviewTest" name="UserCanSearchWithAutoSuggest" time="3.296"/>
  <system-out/>
  <testcase classname="test.AddProductReviewTest" name="RegisteredUserCanReviewProduct" time="1.199"/>
  <system-out/>
  <testcase classname="test.AddProductReviewTest" name="RegisteredUserCanLogout" time="0.714"/>
  <system-out/>
</testsuite> <!-- test.AddProductReviewTest -->
